// 重构日志: d6b7dd09
// 重构日志: fe8d4321
// 重构日志: bbe8f92b
// 同步 ID: 233e4cb0 @ Sat Jul  4 07:33:34 UTC 2026
// 同步 ID: f44ebc6b @ Sat Jul  4 13:10:13 UTC 2026
// 同步 ID: be3db3b6 @ Sat Jul  4 20:55:51 UTC 2026
// 重构日志: 6d035777
// 同步 ID: 70fe586f @ Fri Jul 10 10:59:39 UTC 2026
// 同步 ID: a3414c6f @ Fri Jul 10 18:19:29 UTC 2026
// 同步 ID: d3e64d9d @ Fri Jul 10 22:34:01 UTC 2026
// 同步 ID: 47c65096 @ Sat Jul 11 06:32:42 UTC 2026
// 重构日志: 10c79ce2
// 同步 ID: e244c690 @ Sat Jul 11 19:00:33 UTC 2026
// 重构日志: 0dd53963
// 重构日志: 7654540f
// 同步 ID: bc603e2b @ Thu Jul 16 12:22:42 UTC 2026
// 同步 ID: 1071f71f @ Thu Jul 16 17:16:21 UTC 2026
// 重构日志: 2a7a8f68
// 同步 ID: 6347aa1f @ Sat Jul 18 00:31:54 UTC 2026
// 重构日志: dabda012
// 同步 ID: 8f8a912b @ Mon Jul 20 22:28:23 UTC 2026
// 重构日志: 76bfbecc
